 [LOGGER] 2024-06-12 12:53:06.140 AM ERROR : uncaughtException: Unrecognized datatype for attribute "Reviews.purchaseDate"
Error: Unrecognized datatype for attribute "Reviews.purchaseDate"
    at D:\tugas kuliah\skripsi\Website Skripsi\BE\node_modules\sequelize\lib\model.js:726:15
    at D:\tugas kuliah\skripsi\Website Skripsi\BE\node_modules\lodash\lodash.js:13469:38
    at D:\tugas kuliah\skripsi\Website Skripsi\BE\node_modules\lodash\lodash.js:4967:15
    at baseForOwn (D:\tugas kuliah\skripsi\Website Skripsi\BE\node_modules\lodash\lodash.js:3032:24)
    at Function.mapValues (D:\tugas kuliah\skripsi\Website Skripsi\BE\node_modules\lodash\lodash.js:13468:7)
    at Reviews.init (D:\tugas kuliah\skripsi\Website Skripsi\BE\node_modules\sequelize\lib\model.js:723:28)
    at Sequelize.define (D:\tugas kuliah\skripsi\Website Skripsi\BE\node_modules\sequelize\lib\sequelize.js:225:11)
    at file:///D:/tugas%20kuliah/skripsi/Website%20Skripsi/BE/src/model/review-model.js:6:26
    at ModuleJob.run (node:internal/modules/esm/module_job:194:25)
 [LOGGER] 2024-06-12 12:56:25.005 AM ERROR : uncaughtException: Unrecognized datatype for attribute "Reviews.purchaseDate"
Error: Unrecognized datatype for attribute "Reviews.purchaseDate"
    at D:\tugas kuliah\skripsi\Website Skripsi\BE\node_modules\sequelize\lib\model.js:726:15
    at D:\tugas kuliah\skripsi\Website Skripsi\BE\node_modules\lodash\lodash.js:13469:38
    at D:\tugas kuliah\skripsi\Website Skripsi\BE\node_modules\lodash\lodash.js:4967:15
    at baseForOwn (D:\tugas kuliah\skripsi\Website Skripsi\BE\node_modules\lodash\lodash.js:3032:24)
    at Function.mapValues (D:\tugas kuliah\skripsi\Website Skripsi\BE\node_modules\lodash\lodash.js:13468:7)
    at Reviews.init (D:\tugas kuliah\skripsi\Website Skripsi\BE\node_modules\sequelize\lib\model.js:723:28)
    at Sequelize.define (D:\tugas kuliah\skripsi\Website Skripsi\BE\node_modules\sequelize\lib\sequelize.js:225:11)
    at file:///D:/tugas%20kuliah/skripsi/Website%20Skripsi/BE/src/model/review-model.js:6:26
    at ModuleJob.run (node:internal/modules/esm/module_job:194:25)
 [LOGGER] 2024-06-12 01:03:34.764 AM ERROR : Error in login function: Email or password wrong
 [LOGGER] 2024-06-12 01:03:34.767 AM ERROR : Error: Email or password wrong
    at login (file:///D:/tugas%20kuliah/skripsi/Website%20Skripsi/BE/src/controller/user-controller.js:204:19)
    at process.processTicksAndRejections (node:internal/process/task_queues:95:5)
 [LOGGER] 2024-06-12 01:13:43.907 AM ERROR : Error in get reviews function: Unknown column 'Reviews.orderId' in 'where clause'
 [LOGGER] 2024-06-12 01:13:43.910 AM ERROR : Error
    at Query.run (D:\tugas kuliah\skripsi\Website Skripsi\BE\node_modules\sequelize\lib\dialects\mysql\query.js:52:25)
    at D:\tugas kuliah\skripsi\Website Skripsi\BE\node_modules\sequelize\lib\sequelize.js:315:28
    at process.processTicksAndRejections (node:internal/process/task_queues:95:5)
    at async MySQLQueryInterface.select (D:\tugas kuliah\skripsi\Website Skripsi\BE\node_modules\sequelize\lib\dialects\abstract\query-interface.js:407:12)
    at async Reviews.findAll (D:\tugas kuliah\skripsi\Website Skripsi\BE\node_modules\sequelize\lib\model.js:1140:21)
    at async getReviews (file:///D:/tugas%20kuliah/skripsi/Website%20Skripsi/BE/src/controller/review-controller.js:67:24)
 [LOGGER] 2024-06-12 01:13:43.926 AM ERROR : Error in get reviews function: Unknown column 'Reviews.orderId' in 'where clause'
 [LOGGER] 2024-06-12 01:13:43.927 AM ERROR : Error
    at Query.run (D:\tugas kuliah\skripsi\Website Skripsi\BE\node_modules\sequelize\lib\dialects\mysql\query.js:52:25)
    at D:\tugas kuliah\skripsi\Website Skripsi\BE\node_modules\sequelize\lib\sequelize.js:315:28
    at process.processTicksAndRejections (node:internal/process/task_queues:95:5)
    at async MySQLQueryInterface.select (D:\tugas kuliah\skripsi\Website Skripsi\BE\node_modules\sequelize\lib\dialects\abstract\query-interface.js:407:12)
    at async Reviews.findAll (D:\tugas kuliah\skripsi\Website Skripsi\BE\node_modules\sequelize\lib\model.js:1140:21)
    at async getReviews (file:///D:/tugas%20kuliah/skripsi/Website%20Skripsi/BE/src/controller/review-controller.js:67:24)
 [LOGGER] 2024-06-12 01:29:16.349 AM ERROR : Error in get reviews function: Unknown column 'Reviews.orderId' in 'where clause'
 [LOGGER] 2024-06-12 01:29:16.351 AM ERROR : Error
    at Query.run (D:\tugas kuliah\skripsi\Website Skripsi\BE\node_modules\sequelize\lib\dialects\mysql\query.js:52:25)
    at D:\tugas kuliah\skripsi\Website Skripsi\BE\node_modules\sequelize\lib\sequelize.js:315:28
    at process.processTicksAndRejections (node:internal/process/task_queues:95:5)
    at async MySQLQueryInterface.select (D:\tugas kuliah\skripsi\Website Skripsi\BE\node_modules\sequelize\lib\dialects\abstract\query-interface.js:407:12)
    at async Reviews.findAll (D:\tugas kuliah\skripsi\Website Skripsi\BE\node_modules\sequelize\lib\model.js:1140:21)
    at async getReviews (file:///D:/tugas%20kuliah/skripsi/Website%20Skripsi/BE/src/controller/review-controller.js:67:24)
 [LOGGER] 2024-06-12 01:29:16.366 AM ERROR : Error in get reviews function: Unknown column 'Reviews.orderId' in 'where clause'
 [LOGGER] 2024-06-12 01:29:16.367 AM ERROR : Error
    at Query.run (D:\tugas kuliah\skripsi\Website Skripsi\BE\node_modules\sequelize\lib\dialects\mysql\query.js:52:25)
    at D:\tugas kuliah\skripsi\Website Skripsi\BE\node_modules\sequelize\lib\sequelize.js:315:28
    at process.processTicksAndRejections (node:internal/process/task_queues:95:5)
    at async MySQLQueryInterface.select (D:\tugas kuliah\skripsi\Website Skripsi\BE\node_modules\sequelize\lib\dialects\abstract\query-interface.js:407:12)
    at async Reviews.findAll (D:\tugas kuliah\skripsi\Website Skripsi\BE\node_modules\sequelize\lib\model.js:1140:21)
    at async getReviews (file:///D:/tugas%20kuliah/skripsi/Website%20Skripsi/BE/src/controller/review-controller.js:67:24)
 [LOGGER] 2024-06-12 01:29:16.379 AM ERROR : Error in get reviews function: Unknown column 'Reviews.orderId' in 'where clause'
 [LOGGER] 2024-06-12 01:29:16.380 AM ERROR : Error
    at Query.run (D:\tugas kuliah\skripsi\Website Skripsi\BE\node_modules\sequelize\lib\dialects\mysql\query.js:52:25)
    at D:\tugas kuliah\skripsi\Website Skripsi\BE\node_modules\sequelize\lib\sequelize.js:315:28
    at process.processTicksAndRejections (node:internal/process/task_queues:95:5)
    at async MySQLQueryInterface.select (D:\tugas kuliah\skripsi\Website Skripsi\BE\node_modules\sequelize\lib\dialects\abstract\query-interface.js:407:12)
    at async Reviews.findAll (D:\tugas kuliah\skripsi\Website Skripsi\BE\node_modules\sequelize\lib\model.js:1140:21)
    at async getReviews (file:///D:/tugas%20kuliah/skripsi/Website%20Skripsi/BE/src/controller/review-controller.js:67:24)
 [LOGGER] 2024-06-12 01:29:16.401 AM ERROR : Error in get reviews function: Unknown column 'Reviews.orderId' in 'where clause'
 [LOGGER] 2024-06-12 01:29:16.401 AM ERROR : Error
    at Query.run (D:\tugas kuliah\skripsi\Website Skripsi\BE\node_modules\sequelize\lib\dialects\mysql\query.js:52:25)
    at D:\tugas kuliah\skripsi\Website Skripsi\BE\node_modules\sequelize\lib\sequelize.js:315:28
    at process.processTicksAndRejections (node:internal/process/task_queues:95:5)
    at async MySQLQueryInterface.select (D:\tugas kuliah\skripsi\Website Skripsi\BE\node_modules\sequelize\lib\dialects\abstract\query-interface.js:407:12)
    at async Reviews.findAll (D:\tugas kuliah\skripsi\Website Skripsi\BE\node_modules\sequelize\lib\model.js:1140:21)
    at async getReviews (file:///D:/tugas%20kuliah/skripsi/Website%20Skripsi/BE/src/controller/review-controller.js:67:24)
 [LOGGER] 2024-06-12 01:29:32.346 AM ERROR : Error in get reviews function: Unknown column 'Reviews.orderId' in 'where clause'
 [LOGGER] 2024-06-12 01:29:32.347 AM ERROR : Error
    at Query.run (D:\tugas kuliah\skripsi\Website Skripsi\BE\node_modules\sequelize\lib\dialects\mysql\query.js:52:25)
    at D:\tugas kuliah\skripsi\Website Skripsi\BE\node_modules\sequelize\lib\sequelize.js:315:28
    at process.processTicksAndRejections (node:internal/process/task_queues:95:5)
    at async MySQLQueryInterface.select (D:\tugas kuliah\skripsi\Website Skripsi\BE\node_modules\sequelize\lib\dialects\abstract\query-interface.js:407:12)
    at async Reviews.findAll (D:\tugas kuliah\skripsi\Website Skripsi\BE\node_modules\sequelize\lib\model.js:1140:21)
    at async getReviews (file:///D:/tugas%20kuliah/skripsi/Website%20Skripsi/BE/src/controller/review-controller.js:67:24)
 [LOGGER] 2024-06-12 01:29:32.360 AM ERROR : Error in get reviews function: Unknown column 'Reviews.orderId' in 'where clause'
 [LOGGER] 2024-06-12 01:29:32.361 AM ERROR : Error
    at Query.run (D:\tugas kuliah\skripsi\Website Skripsi\BE\node_modules\sequelize\lib\dialects\mysql\query.js:52:25)
    at D:\tugas kuliah\skripsi\Website Skripsi\BE\node_modules\sequelize\lib\sequelize.js:315:28
    at process.processTicksAndRejections (node:internal/process/task_queues:95:5)
    at async MySQLQueryInterface.select (D:\tugas kuliah\skripsi\Website Skripsi\BE\node_modules\sequelize\lib\dialects\abstract\query-interface.js:407:12)
    at async Reviews.findAll (D:\tugas kuliah\skripsi\Website Skripsi\BE\node_modules\sequelize\lib\model.js:1140:21)
    at async getReviews (file:///D:/tugas%20kuliah/skripsi/Website%20Skripsi/BE/src/controller/review-controller.js:67:24)
 [LOGGER] 2024-06-12 01:29:47.651 AM ERROR : Error in create review function: Field 'purchaseDate' doesn't have a default value
 [LOGGER] 2024-06-12 01:29:47.652 AM ERROR : Error
    at Query.run (D:\tugas kuliah\skripsi\Website Skripsi\BE\node_modules\sequelize\lib\dialects\mysql\query.js:52:25)
    at D:\tugas kuliah\skripsi\Website Skripsi\BE\node_modules\sequelize\lib\sequelize.js:315:28
    at process.processTicksAndRejections (node:internal/process/task_queues:95:5)
    at async MySQLQueryInterface.bulkInsert (D:\tugas kuliah\skripsi\Website Skripsi\BE\node_modules\sequelize\lib\dialects\abstract\query-interface.js:346:21)
    at async recursiveBulkCreate (D:\tugas kuliah\skripsi\Website Skripsi\BE\node_modules\sequelize\lib\model.js:1697:25)
    at async Reviews.bulkCreate (D:\tugas kuliah\skripsi\Website Skripsi\BE\node_modules\sequelize\lib\model.js:1786:12)
    at async createReview (file:///D:/tugas%20kuliah/skripsi/Website%20Skripsi/BE/src/controller/review-controller.js:14:24)
 [LOGGER] 2024-06-12 01:30:42.407 AM ERROR : Error in get reviews function: Unknown column 'Reviews.orderId' in 'where clause'
 [LOGGER] 2024-06-12 01:30:42.407 AM ERROR : Error
    at Query.run (D:\tugas kuliah\skripsi\Website Skripsi\BE\node_modules\sequelize\lib\dialects\mysql\query.js:52:25)
    at D:\tugas kuliah\skripsi\Website Skripsi\BE\node_modules\sequelize\lib\sequelize.js:315:28
    at process.processTicksAndRejections (node:internal/process/task_queues:95:5)
    at async MySQLQueryInterface.select (D:\tugas kuliah\skripsi\Website Skripsi\BE\node_modules\sequelize\lib\dialects\abstract\query-interface.js:407:12)
    at async Reviews.findAll (D:\tugas kuliah\skripsi\Website Skripsi\BE\node_modules\sequelize\lib\model.js:1140:21)
    at async getReviews (file:///D:/tugas%20kuliah/skripsi/Website%20Skripsi/BE/src/controller/review-controller.js:67:24)
 [LOGGER] 2024-06-12 01:30:42.424 AM ERROR : Error in get reviews function: Unknown column 'Reviews.orderId' in 'where clause'
 [LOGGER] 2024-06-12 01:30:42.425 AM ERROR : Error
    at Query.run (D:\tugas kuliah\skripsi\Website Skripsi\BE\node_modules\sequelize\lib\dialects\mysql\query.js:52:25)
    at D:\tugas kuliah\skripsi\Website Skripsi\BE\node_modules\sequelize\lib\sequelize.js:315:28
    at process.processTicksAndRejections (node:internal/process/task_queues:95:5)
    at async MySQLQueryInterface.select (D:\tugas kuliah\skripsi\Website Skripsi\BE\node_modules\sequelize\lib\dialects\abstract\query-interface.js:407:12)
    at async Reviews.findAll (D:\tugas kuliah\skripsi\Website Skripsi\BE\node_modules\sequelize\lib\model.js:1140:21)
    at async getReviews (file:///D:/tugas%20kuliah/skripsi/Website%20Skripsi/BE/src/controller/review-controller.js:67:24)
 [LOGGER] 2024-06-12 01:31:16.738 AM ERROR : Error in get reviews function: Unknown column 'Reviews.orderId' in 'where clause'
 [LOGGER] 2024-06-12 01:31:16.739 AM ERROR : Error
    at Query.run (D:\tugas kuliah\skripsi\Website Skripsi\BE\node_modules\sequelize\lib\dialects\mysql\query.js:52:25)
    at D:\tugas kuliah\skripsi\Website Skripsi\BE\node_modules\sequelize\lib\sequelize.js:315:28
    at process.processTicksAndRejections (node:internal/process/task_queues:95:5)
    at async MySQLQueryInterface.select (D:\tugas kuliah\skripsi\Website Skripsi\BE\node_modules\sequelize\lib\dialects\abstract\query-interface.js:407:12)
    at async Reviews.findAll (D:\tugas kuliah\skripsi\Website Skripsi\BE\node_modules\sequelize\lib\model.js:1140:21)
    at async getReviews (file:///D:/tugas%20kuliah/skripsi/Website%20Skripsi/BE/src/controller/review-controller.js:67:24)
 [LOGGER] 2024-06-12 01:31:16.764 AM ERROR : Error in get reviews function: Unknown column 'Reviews.orderId' in 'where clause'
 [LOGGER] 2024-06-12 01:31:16.766 AM ERROR : Error
    at Query.run (D:\tugas kuliah\skripsi\Website Skripsi\BE\node_modules\sequelize\lib\dialects\mysql\query.js:52:25)
    at D:\tugas kuliah\skripsi\Website Skripsi\BE\node_modules\sequelize\lib\sequelize.js:315:28
    at process.processTicksAndRejections (node:internal/process/task_queues:95:5)
    at async MySQLQueryInterface.select (D:\tugas kuliah\skripsi\Website Skripsi\BE\node_modules\sequelize\lib\dialects\abstract\query-interface.js:407:12)
    at async Reviews.findAll (D:\tugas kuliah\skripsi\Website Skripsi\BE\node_modules\sequelize\lib\model.js:1140:21)
    at async getReviews (file:///D:/tugas%20kuliah/skripsi/Website%20Skripsi/BE/src/controller/review-controller.js:67:24)
 [LOGGER] 2024-06-12 01:32:29.012 AM ERROR : Error in get reviews function: Unknown column 'Reviews.orderId' in 'where clause'
 [LOGGER] 2024-06-12 01:32:29.013 AM ERROR : Error
    at Query.run (D:\tugas kuliah\skripsi\Website Skripsi\BE\node_modules\sequelize\lib\dialects\mysql\query.js:52:25)
    at D:\tugas kuliah\skripsi\Website Skripsi\BE\node_modules\sequelize\lib\sequelize.js:315:28
    at process.processTicksAndRejections (node:internal/process/task_queues:95:5)
    at async MySQLQueryInterface.select (D:\tugas kuliah\skripsi\Website Skripsi\BE\node_modules\sequelize\lib\dialects\abstract\query-interface.js:407:12)
    at async Reviews.findAll (D:\tugas kuliah\skripsi\Website Skripsi\BE\node_modules\sequelize\lib\model.js:1140:21)
    at async getReviews (file:///D:/tugas%20kuliah/skripsi/Website%20Skripsi/BE/src/controller/review-controller.js:67:24)
 [LOGGER] 2024-06-12 01:32:29.021 AM ERROR : Error in get reviews function: Unknown column 'Reviews.orderId' in 'where clause'
 [LOGGER] 2024-06-12 01:32:29.022 AM ERROR : Error
    at Query.run (D:\tugas kuliah\skripsi\Website Skripsi\BE\node_modules\sequelize\lib\dialects\mysql\query.js:52:25)
    at D:\tugas kuliah\skripsi\Website Skripsi\BE\node_modules\sequelize\lib\sequelize.js:315:28
    at process.processTicksAndRejections (node:internal/process/task_queues:95:5)
    at async MySQLQueryInterface.select (D:\tugas kuliah\skripsi\Website Skripsi\BE\node_modules\sequelize\lib\dialects\abstract\query-interface.js:407:12)
    at async Reviews.findAll (D:\tugas kuliah\skripsi\Website Skripsi\BE\node_modules\sequelize\lib\model.js:1140:21)
    at async getReviews (file:///D:/tugas%20kuliah/skripsi/Website%20Skripsi/BE/src/controller/review-controller.js:67:24)
 [LOGGER] 2024-06-12 01:33:13.145 AM ERROR : Error in get reviews function: Unknown column 'Reviews.orderId' in 'where clause'
 [LOGGER] 2024-06-12 01:33:13.146 AM ERROR : Error
    at Query.run (D:\tugas kuliah\skripsi\Website Skripsi\BE\node_modules\sequelize\lib\dialects\mysql\query.js:52:25)
    at D:\tugas kuliah\skripsi\Website Skripsi\BE\node_modules\sequelize\lib\sequelize.js:315:28
    at process.processTicksAndRejections (node:internal/process/task_queues:95:5)
    at async MySQLQueryInterface.select (D:\tugas kuliah\skripsi\Website Skripsi\BE\node_modules\sequelize\lib\dialects\abstract\query-interface.js:407:12)
    at async Reviews.findAll (D:\tugas kuliah\skripsi\Website Skripsi\BE\node_modules\sequelize\lib\model.js:1140:21)
    at async getReviews (file:///D:/tugas%20kuliah/skripsi/Website%20Skripsi/BE/src/controller/review-controller.js:67:24)
 [LOGGER] 2024-06-12 01:33:13.158 AM ERROR : Error in get reviews function: Unknown column 'Reviews.orderId' in 'where clause'
 [LOGGER] 2024-06-12 01:33:13.159 AM ERROR : Error
    at Query.run (D:\tugas kuliah\skripsi\Website Skripsi\BE\node_modules\sequelize\lib\dialects\mysql\query.js:52:25)
    at D:\tugas kuliah\skripsi\Website Skripsi\BE\node_modules\sequelize\lib\sequelize.js:315:28
    at process.processTicksAndRejections (node:internal/process/task_queues:95:5)
    at async MySQLQueryInterface.select (D:\tugas kuliah\skripsi\Website Skripsi\BE\node_modules\sequelize\lib\dialects\abstract\query-interface.js:407:12)
    at async Reviews.findAll (D:\tugas kuliah\skripsi\Website Skripsi\BE\node_modules\sequelize\lib\model.js:1140:21)
    at async getReviews (file:///D:/tugas%20kuliah/skripsi/Website%20Skripsi/BE/src/controller/review-controller.js:67:24)
 [LOGGER] 2024-06-12 01:33:13.173 AM ERROR : Error in get reviews function: Unknown column 'Reviews.orderId' in 'where clause'
 [LOGGER] 2024-06-12 01:33:13.174 AM ERROR : Error
    at Query.run (D:\tugas kuliah\skripsi\Website Skripsi\BE\node_modules\sequelize\lib\dialects\mysql\query.js:52:25)
    at D:\tugas kuliah\skripsi\Website Skripsi\BE\node_modules\sequelize\lib\sequelize.js:315:28
    at process.processTicksAndRejections (node:internal/process/task_queues:95:5)
    at async MySQLQueryInterface.select (D:\tugas kuliah\skripsi\Website Skripsi\BE\node_modules\sequelize\lib\dialects\abstract\query-interface.js:407:12)
    at async Reviews.findAll (D:\tugas kuliah\skripsi\Website Skripsi\BE\node_modules\sequelize\lib\model.js:1140:21)
    at async getReviews (file:///D:/tugas%20kuliah/skripsi/Website%20Skripsi/BE/src/controller/review-controller.js:67:24)
 [LOGGER] 2024-06-12 01:33:13.190 AM ERROR : Error in get reviews function: Unknown column 'Reviews.orderId' in 'where clause'
 [LOGGER] 2024-06-12 01:33:13.191 AM ERROR : Error
    at Query.run (D:\tugas kuliah\skripsi\Website Skripsi\BE\node_modules\sequelize\lib\dialects\mysql\query.js:52:25)
    at D:\tugas kuliah\skripsi\Website Skripsi\BE\node_modules\sequelize\lib\sequelize.js:315:28
    at process.processTicksAndRejections (node:internal/process/task_queues:95:5)
    at async MySQLQueryInterface.select (D:\tugas kuliah\skripsi\Website Skripsi\BE\node_modules\sequelize\lib\dialects\abstract\query-interface.js:407:12)
    at async Reviews.findAll (D:\tugas kuliah\skripsi\Website Skripsi\BE\node_modules\sequelize\lib\model.js:1140:21)
    at async getReviews (file:///D:/tugas%20kuliah/skripsi/Website%20Skripsi/BE/src/controller/review-controller.js:67:24)
 [LOGGER] 2024-06-12 01:38:40.672 AM ERROR : Error in get reviews function: Table 'rest_api.reviews' doesn't exist
 [LOGGER] 2024-06-12 01:38:40.674 AM ERROR : Error
    at Query.run (D:\tugas kuliah\skripsi\Website Skripsi\BE\node_modules\sequelize\lib\dialects\mysql\query.js:52:25)
    at D:\tugas kuliah\skripsi\Website Skripsi\BE\node_modules\sequelize\lib\sequelize.js:315:28
    at process.processTicksAndRejections (node:internal/process/task_queues:95:5)
    at async MySQLQueryInterface.select (D:\tugas kuliah\skripsi\Website Skripsi\BE\node_modules\sequelize\lib\dialects\abstract\query-interface.js:407:12)
    at async Reviews.findAll (D:\tugas kuliah\skripsi\Website Skripsi\BE\node_modules\sequelize\lib\model.js:1140:21)
    at async getReviews (file:///D:/tugas%20kuliah/skripsi/Website%20Skripsi/BE/src/controller/review-controller.js:67:24)
 [LOGGER] 2024-06-12 01:38:40.688 AM ERROR : Error in get reviews function: Table 'rest_api.reviews' doesn't exist
 [LOGGER] 2024-06-12 01:38:40.690 AM ERROR : Error
    at Query.run (D:\tugas kuliah\skripsi\Website Skripsi\BE\node_modules\sequelize\lib\dialects\mysql\query.js:52:25)
    at D:\tugas kuliah\skripsi\Website Skripsi\BE\node_modules\sequelize\lib\sequelize.js:315:28
    at process.processTicksAndRejections (node:internal/process/task_queues:95:5)
    at async MySQLQueryInterface.select (D:\tugas kuliah\skripsi\Website Skripsi\BE\node_modules\sequelize\lib\dialects\abstract\query-interface.js:407:12)
    at async Reviews.findAll (D:\tugas kuliah\skripsi\Website Skripsi\BE\node_modules\sequelize\lib\model.js:1140:21)
    at async getReviews (file:///D:/tugas%20kuliah/skripsi/Website%20Skripsi/BE/src/controller/review-controller.js:67:24)
 [LOGGER] 2024-06-12 01:44:47.447 AM ERROR : Error in create review function: Field 'orderId' doesn't have a default value
 [LOGGER] 2024-06-12 01:44:47.448 AM ERROR : Error
    at Query.run (D:\tugas kuliah\skripsi\Website Skripsi\BE\node_modules\sequelize\lib\dialects\mysql\query.js:52:25)
    at D:\tugas kuliah\skripsi\Website Skripsi\BE\node_modules\sequelize\lib\sequelize.js:315:28
    at process.processTicksAndRejections (node:internal/process/task_queues:95:5)
    at async MySQLQueryInterface.bulkInsert (D:\tugas kuliah\skripsi\Website Skripsi\BE\node_modules\sequelize\lib\dialects\abstract\query-interface.js:346:21)
    at async recursiveBulkCreate (D:\tugas kuliah\skripsi\Website Skripsi\BE\node_modules\sequelize\lib\model.js:1697:25)
    at async Reviews.bulkCreate (D:\tugas kuliah\skripsi\Website Skripsi\BE\node_modules\sequelize\lib\model.js:1786:12)
    at async createReview (file:///D:/tugas%20kuliah/skripsi/Website%20Skripsi/BE/src/controller/review-controller.js:14:24)
 [LOGGER] 2024-06-12 01:48:48.448 AM ERROR : Error in create review function: [object Object]
 [LOGGER] 2024-06-12 01:48:48.449 AM ERROR : Error: [object Object]
    at validate (file:///D:/tugas%20kuliah/skripsi/Website%20Skripsi/BE/src/validation/validation.js:23:15)
    at file:///D:/tugas%20kuliah/skripsi/Website%20Skripsi/BE/src/controller/review-controller.js:10:66
    at Array.map (<anonymous>)
    at createReview (file:///D:/tugas%20kuliah/skripsi/Website%20Skripsi/BE/src/controller/review-controller.js:10:52)
    at Layer.handle [as handle_request] (D:\tugas kuliah\skripsi\Website Skripsi\BE\node_modules\express\lib\router\layer.js:95:5)
    at next (D:\tugas kuliah\skripsi\Website Skripsi\BE\node_modules\express\lib\router\route.js:144:13)
    at authentication (file:///D:/tugas%20kuliah/skripsi/Website%20Skripsi/BE/src/middleware/auth-middleware.js:19:5)
    at Layer.handle [as handle_request] (D:\tugas kuliah\skripsi\Website Skripsi\BE\node_modules\express\lib\router\layer.js:95:5)
    at next (D:\tugas kuliah\skripsi\Website Skripsi\BE\node_modules\express\lib\router\route.js:144:13)
    at Route.dispatch (D:\tugas kuliah\skripsi\Website Skripsi\BE\node_modules\express\lib\router\route.js:114:3)
