 [LOGGER] 2024-04-27 09:36:40.020 PM ERROR : uncaughtException: Cannot add foreign key constraint
Error
    at Query.run (D:\tugas kuliah\skripsi\Website Skripsi\BE\node_modules\sequelize\lib\dialects\mysql\query.js:52:25)
    at D:\tugas kuliah\skripsi\Website Skripsi\BE\node_modules\sequelize\lib\sequelize.js:315:28
    at process.processTicksAndRejections (node:internal/process/task_queues:95:5)
    at async MySQLQueryInterface.createTable (D:\tugas kuliah\skripsi\Website Skripsi\BE\node_modules\sequelize\lib\dialects\abstract\query-interface.js:98:12)
    at async order.sync (D:\tugas kuliah\skripsi\Website Skripsi\BE\node_modules\sequelize\lib\model.js:942:7)
    at async Sequelize.sync (D:\tugas kuliah\skripsi\Website Skripsi\BE\node_modules\sequelize\lib\sequelize.js:377:9)
    at async file:///D:/tugas%20kuliah/skripsi/Website%20Skripsi/BE/src/model/user-model.js:75:5
 [LOGGER] 2024-04-27 09:36:40.043 PM ERROR : uncaughtException: Cannot add foreign key constraint
Error
    at Query.run (D:\tugas kuliah\skripsi\Website Skripsi\BE\node_modules\sequelize\lib\dialects\mysql\query.js:52:25)
    at D:\tugas kuliah\skripsi\Website Skripsi\BE\node_modules\sequelize\lib\sequelize.js:315:28
    at process.processTicksAndRejections (node:internal/process/task_queues:95:5)
    at async MySQLQueryInterface.createTable (D:\tugas kuliah\skripsi\Website Skripsi\BE\node_modules\sequelize\lib\dialects\abstract\query-interface.js:98:12)
    at async order.sync (D:\tugas kuliah\skripsi\Website Skripsi\BE\node_modules\sequelize\lib\model.js:942:7)
    at async Sequelize.sync (D:\tugas kuliah\skripsi\Website Skripsi\BE\node_modules\sequelize\lib\sequelize.js:377:9)
    at async file:///D:/tugas%20kuliah/skripsi/Website%20Skripsi/BE/src/model/menu-model.js:38:5
 [LOGGER] 2024-04-27 09:36:40.067 PM ERROR : uncaughtException: Cannot add foreign key constraint
Error
    at Query.run (D:\tugas kuliah\skripsi\Website Skripsi\BE\node_modules\sequelize\lib\dialects\mysql\query.js:52:25)
    at D:\tugas kuliah\skripsi\Website Skripsi\BE\node_modules\sequelize\lib\sequelize.js:315:28
    at process.processTicksAndRejections (node:internal/process/task_queues:95:5)
    at async MySQLQueryInterface.createTable (D:\tugas kuliah\skripsi\Website Skripsi\BE\node_modules\sequelize\lib\dialects\abstract\query-interface.js:98:12)
    at async order.sync (D:\tugas kuliah\skripsi\Website Skripsi\BE\node_modules\sequelize\lib\model.js:942:7)
    at async Sequelize.sync (D:\tugas kuliah\skripsi\Website Skripsi\BE\node_modules\sequelize\lib\sequelize.js:377:9)
    at async file:///D:/tugas%20kuliah/skripsi/Website%20Skripsi/BE/src/model/cart-model.js:58:5
 [LOGGER] 2024-04-27 09:36:40.128 PM ERROR : uncaughtException: Cannot add foreign key constraint
Error
    at Query.run (D:\tugas kuliah\skripsi\Website Skripsi\BE\node_modules\sequelize\lib\dialects\mysql\query.js:52:25)
    at D:\tugas kuliah\skripsi\Website Skripsi\BE\node_modules\sequelize\lib\sequelize.js:315:28
    at process.processTicksAndRejections (node:internal/process/task_queues:95:5)
    at async MySQLQueryInterface.createTable (D:\tugas kuliah\skripsi\Website Skripsi\BE\node_modules\sequelize\lib\dialects\abstract\query-interface.js:98:12)
    at async order.sync (D:\tugas kuliah\skripsi\Website Skripsi\BE\node_modules\sequelize\lib\model.js:942:7)
    at async Sequelize.sync (D:\tugas kuliah\skripsi\Website Skripsi\BE\node_modules\sequelize\lib\sequelize.js:377:9)
    at async file:///D:/tugas%20kuliah/skripsi/Website%20Skripsi/BE/src/model/order-item-model.js:58:5
 [LOGGER] 2024-04-27 09:36:40.161 PM ERROR : uncaughtException: Cannot add foreign key constraint
Error
    at Query.run (D:\tugas kuliah\skripsi\Website Skripsi\BE\node_modules\sequelize\lib\dialects\mysql\query.js:52:25)
    at D:\tugas kuliah\skripsi\Website Skripsi\BE\node_modules\sequelize\lib\sequelize.js:315:28
    at process.processTicksAndRejections (node:internal/process/task_queues:95:5)
    at async MySQLQueryInterface.createTable (D:\tugas kuliah\skripsi\Website Skripsi\BE\node_modules\sequelize\lib\dialects\abstract\query-interface.js:98:12)
    at async order.sync (D:\tugas kuliah\skripsi\Website Skripsi\BE\node_modules\sequelize\lib\model.js:942:7)
    at async Sequelize.sync (D:\tugas kuliah\skripsi\Website Skripsi\BE\node_modules\sequelize\lib\sequelize.js:377:9)
    at async file:///D:/tugas%20kuliah/skripsi/Website%20Skripsi/BE/src/model/order-model.js:60:5
 [LOGGER] 2024-04-27 09:36:42.885 PM ERROR : Error in processing Get Checkout Filter : Table 'rest_api.orders' doesn't exist
 [LOGGER] 2024-04-27 09:36:42.887 PM ERROR : Error
    at Query.run (D:\tugas kuliah\skripsi\Website Skripsi\BE\node_modules\sequelize\lib\dialects\mysql\query.js:52:25)
    at D:\tugas kuliah\skripsi\Website Skripsi\BE\node_modules\sequelize\lib\sequelize.js:315:28
    at process.processTicksAndRejections (node:internal/process/task_queues:95:5)
    at async MySQLQueryInterface.select (D:\tugas kuliah\skripsi\Website Skripsi\BE\node_modules\sequelize\lib\dialects\abstract\query-interface.js:407:12)
    at async order.findAll (D:\tugas kuliah\skripsi\Website Skripsi\BE\node_modules\sequelize\lib\model.js:1140:21)
    at async getFilterCheckoutById (file:///D:/tugas%20kuliah/skripsi/Website%20Skripsi/BE/src/controller/order-cotroller.js:163:32)
 [LOGGER] 2024-04-27 09:39:26.896 PM ERROR : uncaughtException: Cannot add foreign key constraint
Error
    at Query.run (D:\tugas kuliah\skripsi\Website Skripsi\BE\node_modules\sequelize\lib\dialects\mysql\query.js:52:25)
    at D:\tugas kuliah\skripsi\Website Skripsi\BE\node_modules\sequelize\lib\sequelize.js:315:28
    at process.processTicksAndRejections (node:internal/process/task_queues:95:5)
    at async MySQLQueryInterface.createTable (D:\tugas kuliah\skripsi\Website Skripsi\BE\node_modules\sequelize\lib\dialects\abstract\query-interface.js:98:12)
    at async order.sync (D:\tugas kuliah\skripsi\Website Skripsi\BE\node_modules\sequelize\lib\model.js:942:7)
    at async Sequelize.sync (D:\tugas kuliah\skripsi\Website Skripsi\BE\node_modules\sequelize\lib\sequelize.js:377:9)
    at async file:///D:/tugas%20kuliah/skripsi/Website%20Skripsi/BE/src/model/user-model.js:75:5
 [LOGGER] 2024-04-27 09:39:26.914 PM ERROR : uncaughtException: Cannot add foreign key constraint
Error
    at Query.run (D:\tugas kuliah\skripsi\Website Skripsi\BE\node_modules\sequelize\lib\dialects\mysql\query.js:52:25)
    at D:\tugas kuliah\skripsi\Website Skripsi\BE\node_modules\sequelize\lib\sequelize.js:315:28
    at process.processTicksAndRejections (node:internal/process/task_queues:95:5)
    at async MySQLQueryInterface.createTable (D:\tugas kuliah\skripsi\Website Skripsi\BE\node_modules\sequelize\lib\dialects\abstract\query-interface.js:98:12)
    at async order.sync (D:\tugas kuliah\skripsi\Website Skripsi\BE\node_modules\sequelize\lib\model.js:942:7)
    at async Sequelize.sync (D:\tugas kuliah\skripsi\Website Skripsi\BE\node_modules\sequelize\lib\sequelize.js:377:9)
    at async file:///D:/tugas%20kuliah/skripsi/Website%20Skripsi/BE/src/model/order-item-model.js:58:5
 [LOGGER] 2024-04-27 09:39:26.938 PM ERROR : uncaughtException: Cannot add foreign key constraint
Error
    at Query.run (D:\tugas kuliah\skripsi\Website Skripsi\BE\node_modules\sequelize\lib\dialects\mysql\query.js:52:25)
    at D:\tugas kuliah\skripsi\Website Skripsi\BE\node_modules\sequelize\lib\sequelize.js:315:28
    at process.processTicksAndRejections (node:internal/process/task_queues:95:5)
    at async MySQLQueryInterface.createTable (D:\tugas kuliah\skripsi\Website Skripsi\BE\node_modules\sequelize\lib\dialects\abstract\query-interface.js:98:12)
    at async order.sync (D:\tugas kuliah\skripsi\Website Skripsi\BE\node_modules\sequelize\lib\model.js:942:7)
    at async Sequelize.sync (D:\tugas kuliah\skripsi\Website Skripsi\BE\node_modules\sequelize\lib\sequelize.js:377:9)
    at async file:///D:/tugas%20kuliah/skripsi/Website%20Skripsi/BE/src/model/cart-model.js:58:5
 [LOGGER] 2024-04-27 09:39:26.968 PM ERROR : uncaughtException: Cannot add foreign key constraint
Error
    at Query.run (D:\tugas kuliah\skripsi\Website Skripsi\BE\node_modules\sequelize\lib\dialects\mysql\query.js:52:25)
    at D:\tugas kuliah\skripsi\Website Skripsi\BE\node_modules\sequelize\lib\sequelize.js:315:28
    at process.processTicksAndRejections (node:internal/process/task_queues:95:5)
    at async MySQLQueryInterface.createTable (D:\tugas kuliah\skripsi\Website Skripsi\BE\node_modules\sequelize\lib\dialects\abstract\query-interface.js:98:12)
    at async order.sync (D:\tugas kuliah\skripsi\Website Skripsi\BE\node_modules\sequelize\lib\model.js:942:7)
    at async Sequelize.sync (D:\tugas kuliah\skripsi\Website Skripsi\BE\node_modules\sequelize\lib\sequelize.js:377:9)
    at async file:///D:/tugas%20kuliah/skripsi/Website%20Skripsi/BE/src/model/order-model.js:60:5
 [LOGGER] 2024-04-27 09:39:26.995 PM ERROR : uncaughtException: Cannot add foreign key constraint
Error
    at Query.run (D:\tugas kuliah\skripsi\Website Skripsi\BE\node_modules\sequelize\lib\dialects\mysql\query.js:52:25)
    at D:\tugas kuliah\skripsi\Website Skripsi\BE\node_modules\sequelize\lib\sequelize.js:315:28
    at process.processTicksAndRejections (node:internal/process/task_queues:95:5)
    at async MySQLQueryInterface.createTable (D:\tugas kuliah\skripsi\Website Skripsi\BE\node_modules\sequelize\lib\dialects\abstract\query-interface.js:98:12)
    at async order.sync (D:\tugas kuliah\skripsi\Website Skripsi\BE\node_modules\sequelize\lib\model.js:942:7)
    at async Sequelize.sync (D:\tugas kuliah\skripsi\Website Skripsi\BE\node_modules\sequelize\lib\sequelize.js:377:9)
    at async file:///D:/tugas%20kuliah/skripsi/Website%20Skripsi/BE/src/model/menu-model.js:38:5
 [LOGGER] 2024-04-27 09:43:14.379 PM ERROR : uncaughtException: Cannot add foreign key constraint
Error
    at Query.run (D:\tugas kuliah\skripsi\Website Skripsi\BE\node_modules\sequelize\lib\dialects\mysql\query.js:52:25)
    at D:\tugas kuliah\skripsi\Website Skripsi\BE\node_modules\sequelize\lib\sequelize.js:315:28
    at process.processTicksAndRejections (node:internal/process/task_queues:95:5)
    at async MySQLQueryInterface.createTable (D:\tugas kuliah\skripsi\Website Skripsi\BE\node_modules\sequelize\lib\dialects\abstract\query-interface.js:98:12)
    at async order.sync (D:\tugas kuliah\skripsi\Website Skripsi\BE\node_modules\sequelize\lib\model.js:942:7)
    at async Sequelize.sync (D:\tugas kuliah\skripsi\Website Skripsi\BE\node_modules\sequelize\lib\sequelize.js:377:9)
    at async file:///D:/tugas%20kuliah/skripsi/Website%20Skripsi/BE/src/model/user-model.js:75:5
 [LOGGER] 2024-04-27 09:43:14.405 PM ERROR : uncaughtException: Cannot add foreign key constraint
Error
    at Query.run (D:\tugas kuliah\skripsi\Website Skripsi\BE\node_modules\sequelize\lib\dialects\mysql\query.js:52:25)
    at D:\tugas kuliah\skripsi\Website Skripsi\BE\node_modules\sequelize\lib\sequelize.js:315:28
    at process.processTicksAndRejections (node:internal/process/task_queues:95:5)
    at async MySQLQueryInterface.createTable (D:\tugas kuliah\skripsi\Website Skripsi\BE\node_modules\sequelize\lib\dialects\abstract\query-interface.js:98:12)
    at async order.sync (D:\tugas kuliah\skripsi\Website Skripsi\BE\node_modules\sequelize\lib\model.js:942:7)
    at async Sequelize.sync (D:\tugas kuliah\skripsi\Website Skripsi\BE\node_modules\sequelize\lib\sequelize.js:377:9)
    at async file:///D:/tugas%20kuliah/skripsi/Website%20Skripsi/BE/src/model/cart-model.js:58:5
 [LOGGER] 2024-04-27 09:43:14.431 PM ERROR : uncaughtException: Cannot add foreign key constraint
Error
    at Query.run (D:\tugas kuliah\skripsi\Website Skripsi\BE\node_modules\sequelize\lib\dialects\mysql\query.js:52:25)
    at D:\tugas kuliah\skripsi\Website Skripsi\BE\node_modules\sequelize\lib\sequelize.js:315:28
    at process.processTicksAndRejections (node:internal/process/task_queues:95:5)
    at async MySQLQueryInterface.createTable (D:\tugas kuliah\skripsi\Website Skripsi\BE\node_modules\sequelize\lib\dialects\abstract\query-interface.js:98:12)
    at async order.sync (D:\tugas kuliah\skripsi\Website Skripsi\BE\node_modules\sequelize\lib\model.js:942:7)
    at async Sequelize.sync (D:\tugas kuliah\skripsi\Website Skripsi\BE\node_modules\sequelize\lib\sequelize.js:377:9)
    at async file:///D:/tugas%20kuliah/skripsi/Website%20Skripsi/BE/src/model/order-model.js:60:5
 [LOGGER] 2024-04-27 09:43:14.460 PM ERROR : uncaughtException: Cannot add foreign key constraint
Error
    at Query.run (D:\tugas kuliah\skripsi\Website Skripsi\BE\node_modules\sequelize\lib\dialects\mysql\query.js:52:25)
    at D:\tugas kuliah\skripsi\Website Skripsi\BE\node_modules\sequelize\lib\sequelize.js:315:28
    at process.processTicksAndRejections (node:internal/process/task_queues:95:5)
    at async MySQLQueryInterface.createTable (D:\tugas kuliah\skripsi\Website Skripsi\BE\node_modules\sequelize\lib\dialects\abstract\query-interface.js:98:12)
    at async order.sync (D:\tugas kuliah\skripsi\Website Skripsi\BE\node_modules\sequelize\lib\model.js:942:7)
    at async Sequelize.sync (D:\tugas kuliah\skripsi\Website Skripsi\BE\node_modules\sequelize\lib\sequelize.js:377:9)
    at async file:///D:/tugas%20kuliah/skripsi/Website%20Skripsi/BE/src/model/menu-model.js:38:5
 [LOGGER] 2024-04-27 09:43:14.486 PM ERROR : uncaughtException: Cannot add foreign key constraint
Error
    at Query.run (D:\tugas kuliah\skripsi\Website Skripsi\BE\node_modules\sequelize\lib\dialects\mysql\query.js:52:25)
    at D:\tugas kuliah\skripsi\Website Skripsi\BE\node_modules\sequelize\lib\sequelize.js:315:28
    at process.processTicksAndRejections (node:internal/process/task_queues:95:5)
    at async MySQLQueryInterface.createTable (D:\tugas kuliah\skripsi\Website Skripsi\BE\node_modules\sequelize\lib\dialects\abstract\query-interface.js:98:12)
    at async order.sync (D:\tugas kuliah\skripsi\Website Skripsi\BE\node_modules\sequelize\lib\model.js:942:7)
    at async Sequelize.sync (D:\tugas kuliah\skripsi\Website Skripsi\BE\node_modules\sequelize\lib\sequelize.js:377:9)
    at async file:///D:/tugas%20kuliah/skripsi/Website%20Skripsi/BE/src/model/order-item-model.js:58:5
 [LOGGER] 2024-04-27 10:03:52.477 PM ERROR : Error in create order function: Midtrans API is returning API error. HTTP status code: 400. API response: {"error_messages":["transaction_details.gross_amount is not equal to the sum of item_details"]}
 [LOGGER] 2024-04-27 10:03:52.479 PM ERROR : MidtransError: Midtrans API is returning API error. HTTP status code: 400. API response: {"error_messages":["transaction_details.gross_amount is not equal to the sum of item_details"]}
    at D:\tugas kuliah\skripsi\Website Skripsi\BE\node_modules\midtrans-client\lib\httpClient.js:85:13
    at process.processTicksAndRejections (node:internal/process/task_queues:95:5)
 [LOGGER] 2024-04-27 10:21:19.416 PM ERROR : Error in create order function: Midtrans API is returning API error. HTTP status code: 400. API response: {"error_messages":["transaction_details.gross_amount is not equal to the sum of item_details"]}
 [LOGGER] 2024-04-27 10:21:19.418 PM ERROR : MidtransError: Midtrans API is returning API error. HTTP status code: 400. API response: {"error_messages":["transaction_details.gross_amount is not equal to the sum of item_details"]}
    at D:\tugas kuliah\skripsi\Website Skripsi\BE\node_modules\midtrans-client\lib\httpClient.js:85:13
    at process.processTicksAndRejections (node:internal/process/task_queues:95:5)
 [LOGGER] 2024-04-27 10:23:14.166 PM ERROR : Error in create order function: Midtrans API is returning API error. HTTP status code: 400. API response: {"error_messages":["transaction_details.gross_amount is not equal to the sum of item_details"]}
 [LOGGER] 2024-04-27 10:23:14.169 PM ERROR : MidtransError: Midtrans API is returning API error. HTTP status code: 400. API response: {"error_messages":["transaction_details.gross_amount is not equal to the sum of item_details"]}
    at D:\tugas kuliah\skripsi\Website Skripsi\BE\node_modules\midtrans-client\lib\httpClient.js:85:13
    at process.processTicksAndRejections (node:internal/process/task_queues:95:5)
 [LOGGER] 2024-04-27 10:24:12.910 PM ERROR : Error in create order function: Midtrans API is returning API error. HTTP status code: 400. API response: {"error_messages":["transaction_details.gross_amount is not equal to the sum of item_details"]}
 [LOGGER] 2024-04-27 10:24:12.912 PM ERROR : MidtransError: Midtrans API is returning API error. HTTP status code: 400. API response: {"error_messages":["transaction_details.gross_amount is not equal to the sum of item_details"]}
    at D:\tugas kuliah\skripsi\Website Skripsi\BE\node_modules\midtrans-client\lib\httpClient.js:85:13
    at process.processTicksAndRejections (node:internal/process/task_queues:95:5)
 [LOGGER] 2024-04-27 10:25:28.879 PM ERROR : Error in create order function: Midtrans API is returning API error. HTTP status code: 400. API response: {"error_messages":["transaction_details.gross_amount is not equal to the sum of item_details"]}
 [LOGGER] 2024-04-27 10:25:28.882 PM ERROR : MidtransError: Midtrans API is returning API error. HTTP status code: 400. API response: {"error_messages":["transaction_details.gross_amount is not equal to the sum of item_details"]}
    at D:\tugas kuliah\skripsi\Website Skripsi\BE\node_modules\midtrans-client\lib\httpClient.js:85:13
    at process.processTicksAndRejections (node:internal/process/task_queues:95:5)
 [LOGGER] 2024-04-27 10:29:56.886 PM ERROR : Error in create order function: Midtrans API is returning API error. HTTP status code: 400. API response: {"error_messages":["transaction_details.gross_amount is not equal to the sum of item_details"]}
 [LOGGER] 2024-04-27 10:29:56.886 PM ERROR : MidtransError: Midtrans API is returning API error. HTTP status code: 400. API response: {"error_messages":["transaction_details.gross_amount is not equal to the sum of item_details"]}
    at D:\tugas kuliah\skripsi\Website Skripsi\BE\node_modules\midtrans-client\lib\httpClient.js:85:13
    at process.processTicksAndRejections (node:internal/process/task_queues:95:5)
 [LOGGER] 2024-04-27 10:44:43.199 PM ERROR : Error in create order function: Midtrans API is returning API error. HTTP status code: 400. API response: {"error_messages":["transaction_details.gross_amount is not equal to the sum of item_details"]}
 [LOGGER] 2024-04-27 10:44:43.211 PM ERROR : MidtransError: Midtrans API is returning API error. HTTP status code: 400. API response: {"error_messages":["transaction_details.gross_amount is not equal to the sum of item_details"]}
    at D:\tugas kuliah\skripsi\Website Skripsi\BE\node_modules\midtrans-client\lib\httpClient.js:85:13
    at process.processTicksAndRejections (node:internal/process/task_queues:95:5)
 [LOGGER] 2024-04-27 10:45:51.962 PM ERROR : Error in create order function: Midtrans API is returning API error. HTTP status code: 400. API response: {"error_messages":["transaction_details.gross_amount is not equal to the sum of item_details"]}
 [LOGGER] 2024-04-27 10:45:51.964 PM ERROR : MidtransError: Midtrans API is returning API error. HTTP status code: 400. API response: {"error_messages":["transaction_details.gross_amount is not equal to the sum of item_details"]}
    at D:\tugas kuliah\skripsi\Website Skripsi\BE\node_modules\midtrans-client\lib\httpClient.js:85:13
    at process.processTicksAndRejections (node:internal/process/task_queues:95:5)
 [LOGGER] 2024-04-27 10:49:40.008 PM ERROR : Error in create order function: notNull Violation: order.shippingstatus cannot be null
 [LOGGER] 2024-04-27 10:49:40.011 PM ERROR : SequelizeValidationError: notNull Violation: order.shippingstatus cannot be null
    at InstanceValidator._validate (D:\tugas kuliah\skripsi\Website Skripsi\BE\node_modules\sequelize\lib\instance-validator.js:50:13)
    at process.processTicksAndRejections (node:internal/process/task_queues:95:5)
    at async InstanceValidator._validateAndRunHooks (D:\tugas kuliah\skripsi\Website Skripsi\BE\node_modules\sequelize\lib\instance-validator.js:60:7)
    at async InstanceValidator.validate (D:\tugas kuliah\skripsi\Website Skripsi\BE\node_modules\sequelize\lib\instance-validator.js:54:12)
    at async model.save (D:\tugas kuliah\skripsi\Website Skripsi\BE\node_modules\sequelize\lib\model.js:2426:7)
    at async order.create (D:\tugas kuliah\skripsi\Website Skripsi\BE\node_modules\sequelize\lib\model.js:1362:12)
    at async createOrder (file:///D:/tugas%20kuliah/skripsi/Website%20Skripsi/BE/src/controller/order-cotroller.js:75:9)
 [LOGGER] 2024-04-27 11:18:55.181 PM ERROR : Error in create order function: Midtrans API is returning API error. HTTP status code: 400. API response: {"error_messages":["transaction_details.gross_amount is not equal to the sum of item_details"]}
 [LOGGER] 2024-04-27 11:18:55.182 PM ERROR : MidtransError: Midtrans API is returning API error. HTTP status code: 400. API response: {"error_messages":["transaction_details.gross_amount is not equal to the sum of item_details"]}
    at D:\tugas kuliah\skripsi\Website Skripsi\BE\node_modules\midtrans-client\lib\httpClient.js:85:13
    at process.processTicksAndRejections (node:internal/process/task_queues:95:5)
