 [LOGGER] 2024-06-02 04:52:53.948 PM ERROR : Error in Get Products Function: Unknown column 'OrdersItems.menuId' in 'group statement'
 [LOGGER] 2024-06-02 04:52:53.952 PM ERROR : Error
    at Query.run (D:\tugas kuliah\skripsi\Website Skripsi\BE\node_modules\sequelize\lib\dialects\mysql\query.js:52:25)
    at D:\tugas kuliah\skripsi\Website Skripsi\BE\node_modules\sequelize\lib\sequelize.js:315:28
    at process.processTicksAndRejections (node:internal/process/task_queues:95:5)
    at async MySQLQueryInterface.select (D:\tugas kuliah\skripsi\Website Skripsi\BE\node_modules\sequelize\lib\dialects\abstract\query-interface.js:407:12)
    at async Menu.findAll (D:\tugas kuliah\skripsi\Website Skripsi\BE\node_modules\sequelize\lib\model.js:1140:21)
    at async products (file:///D:/tugas%20kuliah/skripsi/Website%20Skripsi/BE/src/controller/menu-controller.js:221:26)
 [LOGGER] 2024-06-02 04:55:09.071 PM ERROR : Error in Get Products Function: Unknown column 'OrdersItems.menuId' in 'group statement'
 [LOGGER] 2024-06-02 04:55:09.074 PM ERROR : Error
    at Query.run (D:\tugas kuliah\skripsi\Website Skripsi\BE\node_modules\sequelize\lib\dialects\mysql\query.js:52:25)
    at D:\tugas kuliah\skripsi\Website Skripsi\BE\node_modules\sequelize\lib\sequelize.js:315:28
    at process.processTicksAndRejections (node:internal/process/task_queues:95:5)
    at async MySQLQueryInterface.select (D:\tugas kuliah\skripsi\Website Skripsi\BE\node_modules\sequelize\lib\dialects\abstract\query-interface.js:407:12)
    at async Menu.findAll (D:\tugas kuliah\skripsi\Website Skripsi\BE\node_modules\sequelize\lib\model.js:1140:21)
    at async products (file:///D:/tugas%20kuliah/skripsi/Website%20Skripsi/BE/src/controller/menu-controller.js:220:26)
 [LOGGER] 2024-06-02 04:57:04.389 PM ERROR : Error in Get Products Function: Cannot read properties of undefined (reading 'length')
 [LOGGER] 2024-06-02 04:57:04.391 PM ERROR : TypeError: Cannot read properties of undefined (reading 'length')
    at file:///D:/tugas%20kuliah/skripsi/Website%20Skripsi/BE/src/controller/menu-controller.js:239:43
    at Array.map (<anonymous>)
    at products (file:///D:/tugas%20kuliah/skripsi/Website%20Skripsi/BE/src/controller/menu-controller.js:237:44)
    at process.processTicksAndRejections (node:internal/process/task_queues:95:5)
 [LOGGER] 2024-06-02 06:49:07.816 PM ERROR : Error in get menu function Menu is not found
 [LOGGER] 2024-06-02 06:49:07.818 PM ERROR : Error: Menu is not found
    at getMenu (file:///D:/tugas%20kuliah/skripsi/Website%20Skripsi/BE/src/controller/menu-controller.js:128:19)
    at process.processTicksAndRejections (node:internal/process/task_queues:95:5)
 [LOGGER] 2024-06-02 06:50:17.362 PM ERROR : Error in Get Product Function: Unknown column 'customerName' in 'field list'
 [LOGGER] 2024-06-02 06:50:17.363 PM ERROR : Error
    at Query.run (D:\tugas kuliah\skripsi\Website Skripsi\BE\node_modules\sequelize\lib\dialects\mysql\query.js:52:25)
    at D:\tugas kuliah\skripsi\Website Skripsi\BE\node_modules\sequelize\lib\sequelize.js:315:28
    at process.processTicksAndRejections (node:internal/process/task_queues:95:5)
    at async MySQLQueryInterface.select (D:\tugas kuliah\skripsi\Website Skripsi\BE\node_modules\sequelize\lib\dialects\abstract\query-interface.js:407:12)
    at async Reviews.findAll (D:\tugas kuliah\skripsi\Website Skripsi\BE\node_modules\sequelize\lib\model.js:1140:21)
    at async product (file:///D:/tugas%20kuliah/skripsi/Website%20Skripsi/BE/src/controller/menu-controller.js:305:25)
 [LOGGER] 2024-06-02 07:33:20.026 PM ERROR : Error in Get Product Function: Menu is not associated to Reviews!
 [LOGGER] 2024-06-02 07:33:20.029 PM ERROR : SequelizeEagerLoadingError: Menu is not associated to Reviews!
    at Reviews._getIncludedAssociation (D:\tugas kuliah\skripsi\Website Skripsi\BE\node_modules\sequelize\lib\model.js:565:13)
    at Reviews._validateIncludedElement (D:\tugas kuliah\skripsi\Website Skripsi\BE\node_modules\sequelize\lib\model.js:502:53)
    at D:\tugas kuliah\skripsi\Website Skripsi\BE\node_modules\sequelize\lib\model.js:421:37
    at Array.map (<anonymous>)
    at Reviews._validateIncludedElements (D:\tugas kuliah\skripsi\Website Skripsi\BE\node_modules\sequelize\lib\model.js:417:39)
    at Reviews.findAll (D:\tugas kuliah\skripsi\Website Skripsi\BE\node_modules\sequelize\lib\model.js:1124:12)
    at process.processTicksAndRejections (node:internal/process/task_queues:95:5)
    at async product (file:///D:/tugas%20kuliah/skripsi/Website%20Skripsi/BE/src/controller/menu-controller.js:305:25)
 [LOGGER] 2024-06-02 07:50:34.145 PM ERROR : Error in Get Product Function: Menu is not associated to Reviews!
 [LOGGER] 2024-06-02 07:50:34.150 PM ERROR : SequelizeEagerLoadingError: Menu is not associated to Reviews!
    at Reviews._getIncludedAssociation (D:\tugas kuliah\skripsi\Website Skripsi\BE\node_modules\sequelize\lib\model.js:565:13)
    at Reviews._validateIncludedElement (D:\tugas kuliah\skripsi\Website Skripsi\BE\node_modules\sequelize\lib\model.js:502:53)
    at D:\tugas kuliah\skripsi\Website Skripsi\BE\node_modules\sequelize\lib\model.js:421:37
    at Array.map (<anonymous>)
    at Reviews._validateIncludedElements (D:\tugas kuliah\skripsi\Website Skripsi\BE\node_modules\sequelize\lib\model.js:417:39)
    at Reviews.findAll (D:\tugas kuliah\skripsi\Website Skripsi\BE\node_modules\sequelize\lib\model.js:1124:12)
    at process.processTicksAndRejections (node:internal/process/task_queues:95:5)
    at async product (file:///D:/tugas%20kuliah/skripsi/Website%20Skripsi/BE/src/controller/menu-controller.js:304:25)
 [LOGGER] 2024-06-02 07:50:56.375 PM ERROR : Error in Get Product Function: Menu is not associated to Reviews!
 [LOGGER] 2024-06-02 07:50:56.378 PM ERROR : SequelizeEagerLoadingError: Menu is not associated to Reviews!
    at Reviews._getIncludedAssociation (D:\tugas kuliah\skripsi\Website Skripsi\BE\node_modules\sequelize\lib\model.js:565:13)
    at Reviews._validateIncludedElement (D:\tugas kuliah\skripsi\Website Skripsi\BE\node_modules\sequelize\lib\model.js:502:53)
    at D:\tugas kuliah\skripsi\Website Skripsi\BE\node_modules\sequelize\lib\model.js:421:37
    at Array.map (<anonymous>)
    at Reviews._validateIncludedElements (D:\tugas kuliah\skripsi\Website Skripsi\BE\node_modules\sequelize\lib\model.js:417:39)
    at Reviews.findAll (D:\tugas kuliah\skripsi\Website Skripsi\BE\node_modules\sequelize\lib\model.js:1124:12)
    at process.processTicksAndRejections (node:internal/process/task_queues:95:5)
    at async product (file:///D:/tugas%20kuliah/skripsi/Website%20Skripsi/BE/src/controller/menu-controller.js:304:25)
 [LOGGER] 2024-06-02 07:59:53.876 PM ERROR : Error in Get Product Function: Menu is not associated to Reviews!
 [LOGGER] 2024-06-02 07:59:53.880 PM ERROR : SequelizeEagerLoadingError: Menu is not associated to Reviews!
    at Reviews._getIncludedAssociation (D:\tugas kuliah\skripsi\Website Skripsi\BE\node_modules\sequelize\lib\model.js:565:13)
    at Reviews._validateIncludedElement (D:\tugas kuliah\skripsi\Website Skripsi\BE\node_modules\sequelize\lib\model.js:502:53)
    at D:\tugas kuliah\skripsi\Website Skripsi\BE\node_modules\sequelize\lib\model.js:421:37
    at Array.map (<anonymous>)
    at Reviews._validateIncludedElements (D:\tugas kuliah\skripsi\Website Skripsi\BE\node_modules\sequelize\lib\model.js:417:39)
    at Reviews.findAll (D:\tugas kuliah\skripsi\Website Skripsi\BE\node_modules\sequelize\lib\model.js:1124:12)
    at process.processTicksAndRejections (node:internal/process/task_queues:95:5)
    at async product (file:///D:/tugas%20kuliah/skripsi/Website%20Skripsi/BE/src/controller/menu-controller.js:299:25)
 [LOGGER] 2024-06-02 10:13:13.309 PM ERROR : uncaughtException: product is not defined
ReferenceError: product is not defined
    at file:///D:/tugas%20kuliah/skripsi/Website%20Skripsi/BE/src/controller/menu-controller.js:281:5
    at ModuleJob.run (node:internal/modules/esm/module_job:194:25)
 [LOGGER] 2024-06-02 11:30:10.304 PM ERROR : uncaughtException: Route.get() requires a callback function but got a [object Undefined]
Error: Route.get() requires a callback function but got a [object Undefined]
    at Route.<computed> [as get] (D:\tugas kuliah\skripsi\Website Skripsi\BE\node_modules\express\lib\router\route.js:211:15)
    at proto.<computed> [as get] (D:\tugas kuliah\skripsi\Website Skripsi\BE\node_modules\express\lib\router\index.js:521:19)
    at file:///D:/tugas%20kuliah/skripsi/Website%20Skripsi/BE/src/routes/api.js:80:8
    at ModuleJob.run (node:internal/modules/esm/module_job:194:25)
 [LOGGER] 2024-06-02 11:36:12.110 PM ERROR : Error in get review function: User is not associated to Reviews!
 [LOGGER] 2024-06-02 11:36:12.116 PM ERROR : SequelizeEagerLoadingError: User is not associated to Reviews!
    at Reviews._getIncludedAssociation (D:\tugas kuliah\skripsi\Website Skripsi\BE\node_modules\sequelize\lib\model.js:565:13)
    at Reviews._validateIncludedElement (D:\tugas kuliah\skripsi\Website Skripsi\BE\node_modules\sequelize\lib\model.js:502:53)
    at D:\tugas kuliah\skripsi\Website Skripsi\BE\node_modules\sequelize\lib\model.js:421:37
    at Array.map (<anonymous>)
    at Reviews._validateIncludedElements (D:\tugas kuliah\skripsi\Website Skripsi\BE\node_modules\sequelize\lib\model.js:417:39)
    at Reviews.findAll (D:\tugas kuliah\skripsi\Website Skripsi\BE\node_modules\sequelize\lib\model.js:1124:12)
    at process.processTicksAndRejections (node:internal/process/task_queues:95:5)
    at async getReview (file:///D:/tugas%20kuliah/skripsi/Website%20Skripsi/BE/src/controller/review-controller.js:33:24)
 [LOGGER] 2024-06-02 11:36:26.156 PM ERROR : Error in get review function: include.attributes.some is not a function
 [LOGGER] 2024-06-02 11:36:26.163 PM ERROR : TypeError: include.attributes.some is not a function
    at D:\tugas kuliah\skripsi\Website Skripsi\BE\node_modules\sequelize\lib\model.js:483:35
    at D:\tugas kuliah\skripsi\Website Skripsi\BE\node_modules\lodash\lodash.js:4967:15
    at baseForOwn (D:\tugas kuliah\skripsi\Website Skripsi\BE\node_modules\lodash\lodash.js:3032:24)
    at D:\tugas kuliah\skripsi\Website Skripsi\BE\node_modules\lodash\lodash.js:4936:18
    at Function.forEach (D:\tugas kuliah\skripsi\Website Skripsi\BE\node_modules\lodash\lodash.js:9410:14)
    at Reviews._validateIncludedElement (D:\tugas kuliah\skripsi\Website Skripsi\BE\node_modules\sequelize\lib\model.js:482:11)
    at D:\tugas kuliah\skripsi\Website Skripsi\BE\node_modules\sequelize\lib\model.js:421:37
    at Array.map (<anonymous>)
    at Reviews._validateIncludedElements (D:\tugas kuliah\skripsi\Website Skripsi\BE\node_modules\sequelize\lib\model.js:417:39)
    at Reviews.findAll (D:\tugas kuliah\skripsi\Website Skripsi\BE\node_modules\sequelize\lib\model.js:1124:12)
 [LOGGER] 2024-06-02 11:36:45.450 PM ERROR : Error in get review function: User is not associated to Reviews!
 [LOGGER] 2024-06-02 11:36:45.453 PM ERROR : SequelizeEagerLoadingError: User is not associated to Reviews!
    at Reviews._getIncludedAssociation (D:\tugas kuliah\skripsi\Website Skripsi\BE\node_modules\sequelize\lib\model.js:565:13)
    at Reviews._validateIncludedElement (D:\tugas kuliah\skripsi\Website Skripsi\BE\node_modules\sequelize\lib\model.js:502:53)
    at D:\tugas kuliah\skripsi\Website Skripsi\BE\node_modules\sequelize\lib\model.js:421:37
    at Array.map (<anonymous>)
    at Reviews._validateIncludedElements (D:\tugas kuliah\skripsi\Website Skripsi\BE\node_modules\sequelize\lib\model.js:417:39)
    at Reviews.findAll (D:\tugas kuliah\skripsi\Website Skripsi\BE\node_modules\sequelize\lib\model.js:1124:12)
    at process.processTicksAndRejections (node:internal/process/task_queues:95:5)
    at async getReview (file:///D:/tugas%20kuliah/skripsi/Website%20Skripsi/BE/src/controller/review-controller.js:33:24)
